  [1m[35m (0.6ms)[0m  [1m[35mSET NAMES utf8,  @@SESSION.sql_mode = CONCAT(CONCAT(@@sql_mode, ',STRICT_ALL_TABLES'), ',NO_AUTO_VALUE_ON_ZERO'),  @@SESSION.sql_auto_is_null = 0, @@SESSION.wait_timeout = 2147483[0m
  ↳ bin/rails:9
  [1m[35m (40.5ms)[0m  [1m[35mCREATE DATABASE `book_reviews_development` DEFAULT CHARACTER SET `utf8`[0m
  ↳ bin/rails:9
  [1m[35m (0.2ms)[0m  [1m[35mSET NAMES utf8,  @@SESSION.sql_mode = CONCAT(CONCAT(@@sql_mode, ',STRICT_ALL_TABLES'), ',NO_AUTO_VALUE_ON_ZERO'),  @@SESSION.sql_auto_is_null = 0, @@SESSION.wait_timeout = 2147483[0m
  ↳ bin/rails:9
  [1m[35m (0.4ms)[0m  [1m[35mCREATE DATABASE `book_reviews_test` DEFAULT CHARACTER SET `utf8`[0m
  ↳ bin/rails:9
  [1m[35m (0.5ms)[0m  [1m[35mSET NAMES utf8,  @@SESSION.sql_mode = CONCAT(CONCAT(@@sql_mode, ',STRICT_ALL_TABLES'), ',NO_AUTO_VALUE_ON_ZERO'),  @@SESSION.sql_auto_is_null = 0, @@SESSION.wait_timeout = 2147483[0m
  ↳ bin/rails:9
  [1m[35m (42.5ms)[0m  [1m[35mCREATE TABLE `schema_migrations` (`version` varchar(255) NOT NULL PRIMARY KEY) ENGINE=InnoDB ROW_FORMAT=DYNAMIC[0m
  ↳ config/initializers/utf8mb4.rb:4
  [1m[35m (44.1ms)[0m  [1m[35mCREATE TABLE `ar_internal_metadata` (`key` varchar(255) NOT NULL PRIMARY KEY, `value` varchar(255), `created_at` datetime NOT NULL, `updated_at` datetime NOT NULL) ENGINE=InnoDB ROW_FORMAT=DYNAMIC[0m
  ↳ config/initializers/utf8mb4.rb:4
  [1m[35m (0.3ms)[0m  [1m[34mSELECT GET_LOCK('8185795697464646100', 0)[0m
  ↳ bin/rails:9
  [1m[35m (0.3ms)[0m  [1m[34mSELECT `schema_migrations`.`version` FROM `schema_migrations` ORDER BY `schema_migrations`.`version` ASC[0m
  ↳ bin/rails:9
Migrating to DeviseCreateUsers (20190630101616)
  [1m[35m (123.3ms)[0m  [1m[35mCREATE TABLE `users` (`id` bigint NOT NULL AUTO_INCREMENT PRIMARY KEY, `email` varchar(100) DEFAULT '' NOT NULL, `encrypted_password` varchar(255) DEFAULT '' NOT NULL, `nickname` varchar(15) NOT NULL, `sex` varchar(2), `area` smallint, `birthday` date, `image` text, `introduction` text, `reset_password_token` varchar(255), `reset_password_sent_at` datetime, `remember_created_at` datetime, `created_at` datetime NOT NULL, `updated_at` datetime NOT NULL) ENGINE=InnoDB ROW_FORMAT=DYNAMIC[0m
  ↳ config/initializers/utf8mb4.rb:4
  [1m[35m (16.3ms)[0m  [1m[35mCREATE UNIQUE INDEX `index_users_on_email`  ON `users` (`email`) [0m
  ↳ db/migrate/20190630101616_devise_create_users.rb:46
  [1m[35m (13.5ms)[0m  [1m[35mCREATE UNIQUE INDEX `index_users_on_reset_password_token`  ON `users` (`reset_password_token`) [0m
  ↳ db/migrate/20190630101616_devise_create_users.rb:47
  [1m[35m (0.2ms)[0m  [1m[35mBEGIN[0m
  ↳ bin/rails:9
  [1m[36mActiveRecord::SchemaMigration Create (0.2ms)[0m  [1m[32mINSERT INTO `schema_migrations` (`version`) VALUES ('20190630101616')[0m
  ↳ bin/rails:9
  [1m[35m (0.9ms)[0m  [1m[35mCOMMIT[0m
  ↳ bin/rails:9
Migrating to CreateAreas (20190630120306)
  [1m[35m (43.8ms)[0m  [1m[35mCREATE TABLE `areas` (`id` bigint NOT NULL AUTO_INCREMENT PRIMARY KEY, `name` varchar(255) NOT NULL) ENGINE=InnoDB ROW_FORMAT=DYNAMIC[0m
  ↳ config/initializers/utf8mb4.rb:4
  [1m[35m (19.7ms)[0m  [1m[35mCREATE UNIQUE INDEX `index_areas_on_name`  ON `areas` (`name`(10)) [0m
  ↳ db/migrate/20190630120306_create_areas.rb:6
  [1m[35m (0.2ms)[0m  [1m[35mBEGIN[0m
  ↳ bin/rails:9
  [1m[36mActiveRecord::SchemaMigration Create (0.2ms)[0m  [1m[32mINSERT INTO `schema_migrations` (`version`) VALUES ('20190630120306')[0m
  ↳ bin/rails:9
  [1m[35m (0.3ms)[0m  [1m[35mCOMMIT[0m
  ↳ bin/rails:9
Migrating to CreateGenres (20190702032940)
  [1m[35m (43.5ms)[0m  [1m[35mCREATE TABLE `genres` (`id` bigint NOT NULL AUTO_INCREMENT PRIMARY KEY, `name` varchar(255) NOT NULL, `created_at` datetime NOT NULL, `updated_at` datetime NOT NULL) ENGINE=InnoDB ROW_FORMAT=DYNAMIC[0m
  ↳ config/initializers/utf8mb4.rb:4
  [1m[35m (14.0ms)[0m  [1m[35mCREATE UNIQUE INDEX `index_genres_on_name`  ON `genres` (`name`(10)) [0m
  ↳ db/migrate/20190702032940_create_genres.rb:7
  [1m[35m (0.1ms)[0m  [1m[35mBEGIN[0m
  ↳ bin/rails:9
  [1m[36mActiveRecord::SchemaMigration Create (0.2ms)[0m  [1m[32mINSERT INTO `schema_migrations` (`version`) VALUES ('20190702032940')[0m
  ↳ bin/rails:9
  [1m[35m (0.3ms)[0m  [1m[35mCOMMIT[0m
  ↳ bin/rails:9
Migrating to CreateBooks (20190702032952)
  [1m[35m (45.2ms)[0m  [1m[35mCREATE TABLE `books` (`id` bigint NOT NULL AUTO_INCREMENT PRIMARY KEY, `name` varchar(50) NOT NULL, `author` varchar(30) NOT NULL, `page` int, `image` text, `discription` varchar(1000), `genre_id` bigint, `created_at` datetime NOT NULL, `updated_at` datetime NOT NULL,  INDEX `index_books_on_genre_id`  (`genre_id`), CONSTRAINT `fk_rails_776de3933f`
FOREIGN KEY (`genre_id`)
  REFERENCES `genres` (`id`)
) ENGINE=InnoDB ROW_FORMAT=DYNAMIC[0m
  ↳ config/initializers/utf8mb4.rb:4
  [1m[35m (0.2ms)[0m  [1m[35mBEGIN[0m
  ↳ bin/rails:9
  [1m[36mActiveRecord::SchemaMigration Create (0.3ms)[0m  [1m[32mINSERT INTO `schema_migrations` (`version`) VALUES ('20190702032952')[0m
  ↳ bin/rails:9
  [1m[35m (0.3ms)[0m  [1m[35mCOMMIT[0m
  ↳ bin/rails:9
Migrating to CreateLists (20190702051928)
  [1m[35m (46.6ms)[0m  [1m[35mCREATE TABLE `lists` (`id` bigint NOT NULL AUTO_INCREMENT PRIMARY KEY, `status` int NOT NULL, `user_id` bigint NOT NULL, `book_id` bigint NOT NULL, `created_at` datetime NOT NULL, `updated_at` datetime NOT NULL,  INDEX `index_lists_on_user_id`  (`user_id`),  INDEX `index_lists_on_book_id`  (`book_id`), CONSTRAINT `fk_rails_d6cf4279f7`
FOREIGN KEY (`user_id`)
  REFERENCES `users` (`id`)
, CONSTRAINT `fk_rails_c594b80e00`
FOREIGN KEY (`book_id`)
  REFERENCES `books` (`id`)
) ENGINE=InnoDB ROW_FORMAT=DYNAMIC[0m
  ↳ config/initializers/utf8mb4.rb:4
  [1m[35m (0.1ms)[0m  [1m[35mBEGIN[0m
  ↳ bin/rails:9
  [1m[36mActiveRecord::SchemaMigration Create (0.2ms)[0m  [1m[32mINSERT INTO `schema_migrations` (`version`) VALUES ('20190702051928')[0m
  ↳ bin/rails:9
  [1m[35m (1.2ms)[0m  [1m[35mCOMMIT[0m
  ↳ bin/rails:9
Migrating to CreateReviews (20190704033911)
  [1m[35m (44.3ms)[0m  [1m[35mCREATE TABLE `reviews` (`id` bigint NOT NULL AUTO_INCREMENT PRIMARY KEY, `day` date, `comment` varchar(2000), `user_id` bigint NOT NULL, `book_id` bigint NOT NULL, `created_at` datetime NOT NULL, `updated_at` datetime NOT NULL,  INDEX `index_reviews_on_user_id`  (`user_id`),  INDEX `index_reviews_on_book_id`  (`book_id`), CONSTRAINT `fk_rails_74a66bd6c5`
FOREIGN KEY (`user_id`)
  REFERENCES `users` (`id`)
, CONSTRAINT `fk_rails_924a0b30ca`
FOREIGN KEY (`book_id`)
  REFERENCES `books` (`id`)
) ENGINE=InnoDB ROW_FORMAT=DYNAMIC[0m
  ↳ config/initializers/utf8mb4.rb:4
  [1m[35m (0.2ms)[0m  [1m[35mBEGIN[0m
  ↳ bin/rails:9
  [1m[36mActiveRecord::SchemaMigration Create (0.2ms)[0m  [1m[32mINSERT INTO `schema_migrations` (`version`) VALUES ('20190704033911')[0m
  ↳ bin/rails:9
  [1m[35m (0.3ms)[0m  [1m[35mCOMMIT[0m
  ↳ bin/rails:9
  [1m[36mActiveRecord::InternalMetadata Load (0.3ms)[0m  [1m[34mSELECT  `ar_internal_metadata`.* FROM `ar_internal_metadata` WHERE `ar_internal_metadata`.`key` = 'environment' LIMIT 1[0m
  ↳ bin/rails:9
  [1m[35m (0.1ms)[0m  [1m[35mBEGIN[0m
  ↳ bin/rails:9
  [1m[36mActiveRecord::InternalMetadata Create (0.2ms)[0m  [1m[32mINSERT INTO `ar_internal_metadata` (`key`, `value`, `created_at`, `updated_at`) VALUES ('environment', 'development', '2019-11-06 15:13:41', '2019-11-06 15:13:41')[0m
  ↳ bin/rails:9
  [1m[35m (39.8ms)[0m  [1m[35mCOMMIT[0m
  ↳ bin/rails:9
  [1m[35m (0.3ms)[0m  [1m[34mSELECT RELEASE_LOCK('8185795697464646100')[0m
  ↳ bin/rails:9
  [1m[35m (0.4ms)[0m  [1m[34mSELECT `schema_migrations`.`version` FROM `schema_migrations` ORDER BY `schema_migrations`.`version` ASC[0m
  ↳ bin/rails:9
Started GET "/" for ::1 at 2019-11-06 15:13:55 +0900
  [1m[35m (0.4ms)[0m  [1m[35mSET NAMES utf8,  @@SESSION.sql_mode = CONCAT(CONCAT(@@sql_mode, ',STRICT_ALL_TABLES'), ',NO_AUTO_VALUE_ON_ZERO'),  @@SESSION.sql_auto_is_null = 0, @@SESSION.wait_timeout = 2147483[0m
  ↳ /Users/user/.rbenv/versions/2.6.5/lib/ruby/gems/2.6.0/gems/activerecord-5.2.3/lib/active_record/log_subscriber.rb:98
  [1m[35m (0.2ms)[0m  [1m[34mSELECT `schema_migrations`.`version` FROM `schema_migrations` ORDER BY `schema_migrations`.`version` ASC[0m
  ↳ /Users/user/.rbenv/versions/2.6.5/lib/ruby/gems/2.6.0/gems/activerecord-5.2.3/lib/active_record/log_subscriber.rb:98
Processing by UsersController#index as HTML
Completed 401 Unauthorized in 18ms (ActiveRecord: 0.0ms)


Started GET "/users/sign_in" for ::1 at 2019-11-06 15:13:55 +0900
Processing by Devise::SessionsController#new as HTML
  Rendering devise/sessions/new.html.haml within layouts/application
  Rendered devise/sessions/new.html.haml within layouts/application (23.9ms)
  Rendered layouts/_flash.html.haml (2.0ms)
  Rendered layouts/_header.html.haml (8.2ms)
  Rendered layouts/_footer.html.haml (1.2ms)
Completed 200 OK in 1720ms (Views: 1691.5ms | ActiveRecord: 1.2ms)


  [1m[35m (0.4ms)[0m  [1m[35mSET NAMES utf8,  @@SESSION.sql_mode = CONCAT(CONCAT(@@sql_mode, ',STRICT_ALL_TABLES'), ',NO_AUTO_VALUE_ON_ZERO'),  @@SESSION.sql_auto_is_null = 0, @@SESSION.wait_timeout = 2147483[0m
  ↳ bin/rails:9
  [1m[35m (0.5ms)[0m  [1m[35mCREATE DATABASE `book_reviews_development` DEFAULT CHARACTER SET `utf8`[0m
  ↳ bin/rails:9
  [1m[35m (0.2ms)[0m  [1m[35mSET NAMES utf8,  @@SESSION.sql_mode = CONCAT(CONCAT(@@sql_mode, ',STRICT_ALL_TABLES'), ',NO_AUTO_VALUE_ON_ZERO'),  @@SESSION.sql_auto_is_null = 0, @@SESSION.wait_timeout = 2147483[0m
  ↳ bin/rails:9
  [1m[35m (0.4ms)[0m  [1m[35mCREATE DATABASE `book_reviews_test` DEFAULT CHARACTER SET `utf8`[0m
  ↳ bin/rails:9
  [1m[35m (0.4ms)[0m  [1m[35mSET NAMES utf8,  @@SESSION.sql_mode = CONCAT(CONCAT(@@sql_mode, ',STRICT_ALL_TABLES'), ',NO_AUTO_VALUE_ON_ZERO'),  @@SESSION.sql_auto_is_null = 0, @@SESSION.wait_timeout = 2147483[0m
  ↳ bin/rails:9
  [1m[35m (0.4ms)[0m  [1m[34mSELECT `schema_migrations`.`version` FROM `schema_migrations` ORDER BY `schema_migrations`.`version` ASC[0m
  ↳ bin/rails:9
  [1m[35m (0.3ms)[0m  [1m[34mSELECT `ar_internal_metadata`.`value` FROM `ar_internal_metadata` WHERE `ar_internal_metadata`.`key` = 'environment'[0m
  ↳ bin/rails:9
  [1m[35m (0.2ms)[0m  [1m[34mSELECT `schema_migrations`.`version` FROM `schema_migrations` ORDER BY `schema_migrations`.`version` ASC[0m
  ↳ bin/rails:9
  [1m[35m (0.2ms)[0m  [1m[34mSELECT `ar_internal_metadata`.`value` FROM `ar_internal_metadata` WHERE `ar_internal_metadata`.`key` = 'environment'[0m
  ↳ bin/rails:9
  [1m[35m (0.2ms)[0m  [1m[34mSELECT `schema_migrations`.`version` FROM `schema_migrations` ORDER BY `schema_migrations`.`version` ASC[0m
  ↳ bin/rails:9
  [1m[35m (0.2ms)[0m  [1m[34mSELECT `ar_internal_metadata`.`value` FROM `ar_internal_metadata` WHERE `ar_internal_metadata`.`key` = 'environment'[0m
  ↳ bin/rails:9
  [1m[35m (0.2ms)[0m  [1m[35mSET NAMES utf8,  @@SESSION.sql_mode = CONCAT(CONCAT(@@sql_mode, ',STRICT_ALL_TABLES'), ',NO_AUTO_VALUE_ON_ZERO'),  @@SESSION.sql_auto_is_null = 0, @@SESSION.wait_timeout = 2147483[0m
  ↳ bin/rails:9
  [1m[35m (41.7ms)[0m  [1m[35mDROP DATABASE IF EXISTS `book_reviews_development`[0m
  ↳ bin/rails:9
  [1m[35m (0.2ms)[0m  [1m[35mSET NAMES utf8,  @@SESSION.sql_mode = CONCAT(CONCAT(@@sql_mode, ',STRICT_ALL_TABLES'), ',NO_AUTO_VALUE_ON_ZERO'),  @@SESSION.sql_auto_is_null = 0, @@SESSION.wait_timeout = 2147483[0m
  ↳ bin/rails:9
  [1m[35m (0.5ms)[0m  [1m[35mDROP DATABASE IF EXISTS `book_reviews_test`[0m
  ↳ bin/rails:9
  [1m[35m (0.4ms)[0m  [1m[35mSET NAMES utf8,  @@SESSION.sql_mode = CONCAT(CONCAT(@@sql_mode, ',STRICT_ALL_TABLES'), ',NO_AUTO_VALUE_ON_ZERO'),  @@SESSION.sql_auto_is_null = 0, @@SESSION.wait_timeout = 2147483[0m
  ↳ bin/rails:9
  [1m[35m (0.5ms)[0m  [1m[35mCREATE DATABASE `book_reviews_development` DEFAULT CHARACTER SET `utf8`[0m
  ↳ bin/rails:9
  [1m[35m (0.2ms)[0m  [1m[35mSET NAMES utf8,  @@SESSION.sql_mode = CONCAT(CONCAT(@@sql_mode, ',STRICT_ALL_TABLES'), ',NO_AUTO_VALUE_ON_ZERO'),  @@SESSION.sql_auto_is_null = 0, @@SESSION.wait_timeout = 2147483[0m
  ↳ bin/rails:9
  [1m[35m (0.6ms)[0m  [1m[35mCREATE DATABASE `book_reviews_test` DEFAULT CHARACTER SET `utf8`[0m
  ↳ bin/rails:9
  [1m[35m (0.4ms)[0m  [1m[35mSET NAMES utf8,  @@SESSION.sql_mode = CONCAT(CONCAT(@@sql_mode, ',STRICT_ALL_TABLES'), ',NO_AUTO_VALUE_ON_ZERO'),  @@SESSION.sql_auto_is_null = 0, @@SESSION.wait_timeout = 2147483[0m
  ↳ bin/rails:9
  [1m[35m (15.6ms)[0m  [1m[35mCREATE TABLE `schema_migrations` (`version` varchar(255) NOT NULL PRIMARY KEY) ENGINE=InnoDB ROW_FORMAT=DYNAMIC[0m
  ↳ config/initializers/utf8mb4.rb:4
  [1m[35m (14.3ms)[0m  [1m[35mCREATE TABLE `ar_internal_metadata` (`key` varchar(255) NOT NULL PRIMARY KEY, `value` varchar(255), `created_at` datetime NOT NULL, `updated_at` datetime NOT NULL) ENGINE=InnoDB ROW_FORMAT=DYNAMIC[0m
  ↳ config/initializers/utf8mb4.rb:4
  [1m[35m (0.2ms)[0m  [1m[34mSELECT GET_LOCK('8185795697464646100', 0)[0m
  ↳ bin/rails:9
  [1m[35m (0.2ms)[0m  [1m[34mSELECT `schema_migrations`.`version` FROM `schema_migrations` ORDER BY `schema_migrations`.`version` ASC[0m
  ↳ bin/rails:9
Migrating to DeviseCreateUsers (20190630101616)
  [1m[35m (40.5ms)[0m  [1m[35mCREATE TABLE `users` (`id` bigint NOT NULL AUTO_INCREMENT PRIMARY KEY, `email` varchar(100) DEFAULT '' NOT NULL, `encrypted_password` varchar(255) DEFAULT '' NOT NULL, `nickname` varchar(15) NOT NULL, `sex` varchar(2), `area` smallint, `birthday` date, `image` text, `introduction` text, `reset_password_token` varchar(255), `reset_password_sent_at` datetime, `remember_created_at` datetime, `created_at` datetime NOT NULL, `updated_at` datetime NOT NULL) ENGINE=InnoDB ROW_FORMAT=DYNAMIC[0m
  ↳ config/initializers/utf8mb4.rb:4
  [1m[35m (12.7ms)[0m  [1m[35mCREATE UNIQUE INDEX `index_users_on_email`  ON `users` (`email`) [0m
  ↳ db/migrate/20190630101616_devise_create_users.rb:46
  [1m[35m (16.5ms)[0m  [1m[35mCREATE UNIQUE INDEX `index_users_on_reset_password_token`  ON `users` (`reset_password_token`) [0m
  ↳ db/migrate/20190630101616_devise_create_users.rb:47
  [1m[35m (0.2ms)[0m  [1m[35mBEGIN[0m
  ↳ bin/rails:9
  [1m[36mActiveRecord::SchemaMigration Create (0.2ms)[0m  [1m[32mINSERT INTO `schema_migrations` (`version`) VALUES ('20190630101616')[0m
  ↳ bin/rails:9
  [1m[35m (0.2ms)[0m  [1m[35mCOMMIT[0m
  ↳ bin/rails:9
Migrating to CreateAreas (20190630120306)
  [1m[35m (43.5ms)[0m  [1m[35mCREATE TABLE `areas` (`id` bigint NOT NULL AUTO_INCREMENT PRIMARY KEY, `name` varchar(255) NOT NULL) ENGINE=InnoDB ROW_FORMAT=DYNAMIC[0m
  ↳ config/initializers/utf8mb4.rb:4
  [1m[35m (15.1ms)[0m  [1m[35mCREATE UNIQUE INDEX `index_areas_on_name`  ON `areas` (`name`(10)) [0m
  ↳ db/migrate/20190630120306_create_areas.rb:6
  [1m[35m (0.1ms)[0m  [1m[35mBEGIN[0m
  ↳ bin/rails:9
  [1m[36mActiveRecord::SchemaMigration Create (0.2ms)[0m  [1m[32mINSERT INTO `schema_migrations` (`version`) VALUES ('20190630120306')[0m
  ↳ bin/rails:9
  [1m[35m (0.2ms)[0m  [1m[35mCOMMIT[0m
  ↳ bin/rails:9
Migrating to CreateGenres (20190702032940)
  [1m[35m (43.1ms)[0m  [1m[35mCREATE TABLE `genres` (`id` bigint NOT NULL AUTO_INCREMENT PRIMARY KEY, `name` varchar(255) NOT NULL, `created_at` datetime NOT NULL, `updated_at` datetime NOT NULL) ENGINE=InnoDB ROW_FORMAT=DYNAMIC[0m
  ↳ config/initializers/utf8mb4.rb:4
  [1m[35m (13.6ms)[0m  [1m[35mCREATE UNIQUE INDEX `index_genres_on_name`  ON `genres` (`name`(10)) [0m
  ↳ db/migrate/20190702032940_create_genres.rb:7
  [1m[35m (0.1ms)[0m  [1m[35mBEGIN[0m
  ↳ bin/rails:9
  [1m[36mActiveRecord::SchemaMigration Create (0.2ms)[0m  [1m[32mINSERT INTO `schema_migrations` (`version`) VALUES ('20190702032940')[0m
  ↳ bin/rails:9
  [1m[35m (0.3ms)[0m  [1m[35mCOMMIT[0m
  ↳ bin/rails:9
Migrating to CreateBooks (20190702032952)
  [1m[35m (44.0ms)[0m  [1m[35mCREATE TABLE `books` (`id` bigint NOT NULL AUTO_INCREMENT PRIMARY KEY, `name` varchar(50) NOT NULL, `author` varchar(30) NOT NULL, `page` int, `image` text, `discription` varchar(1000), `genre_id` bigint, `created_at` datetime NOT NULL, `updated_at` datetime NOT NULL,  INDEX `index_books_on_genre_id`  (`genre_id`), CONSTRAINT `fk_rails_776de3933f`
FOREIGN KEY (`genre_id`)
  REFERENCES `genres` (`id`)
) ENGINE=InnoDB ROW_FORMAT=DYNAMIC[0m
  ↳ config/initializers/utf8mb4.rb:4
  [1m[35m (0.2ms)[0m  [1m[35mBEGIN[0m
  ↳ bin/rails:9
  [1m[36mActiveRecord::SchemaMigration Create (0.2ms)[0m  [1m[32mINSERT INTO `schema_migrations` (`version`) VALUES ('20190702032952')[0m
  ↳ bin/rails:9
  [1m[35m (0.3ms)[0m  [1m[35mCOMMIT[0m
  ↳ bin/rails:9
Migrating to CreateLists (20190702051928)
  [1m[35m (43.3ms)[0m  [1m[35mCREATE TABLE `lists` (`id` bigint NOT NULL AUTO_INCREMENT PRIMARY KEY, `status` int NOT NULL, `user_id` bigint NOT NULL, `book_id` bigint NOT NULL, `created_at` datetime NOT NULL, `updated_at` datetime NOT NULL,  INDEX `index_lists_on_user_id`  (`user_id`),  INDEX `index_lists_on_book_id`  (`book_id`), CONSTRAINT `fk_rails_d6cf4279f7`
FOREIGN KEY (`user_id`)
  REFERENCES `users` (`id`)
, CONSTRAINT `fk_rails_c594b80e00`
FOREIGN KEY (`book_id`)
  REFERENCES `books` (`id`)
) ENGINE=InnoDB ROW_FORMAT=DYNAMIC[0m
  ↳ config/initializers/utf8mb4.rb:4
  [1m[35m (0.1ms)[0m  [1m[35mBEGIN[0m
  ↳ bin/rails:9
  [1m[36mActiveRecord::SchemaMigration Create (0.2ms)[0m  [1m[32mINSERT INTO `schema_migrations` (`version`) VALUES ('20190702051928')[0m
  ↳ bin/rails:9
  [1m[35m (0.2ms)[0m  [1m[35mCOMMIT[0m
  ↳ bin/rails:9
Migrating to CreateReviews (20190704033911)
  [1m[35m (45.4ms)[0m  [1m[35mCREATE TABLE `reviews` (`id` bigint NOT NULL AUTO_INCREMENT PRIMARY KEY, `day` date, `comment` varchar(2000), `user_id` bigint NOT NULL, `book_id` bigint NOT NULL, `created_at` datetime NOT NULL, `updated_at` datetime NOT NULL,  INDEX `index_reviews_on_user_id`  (`user_id`),  INDEX `index_reviews_on_book_id`  (`book_id`), CONSTRAINT `fk_rails_74a66bd6c5`
FOREIGN KEY (`user_id`)
  REFERENCES `users` (`id`)
, CONSTRAINT `fk_rails_924a0b30ca`
FOREIGN KEY (`book_id`)
  REFERENCES `books` (`id`)
) ENGINE=InnoDB ROW_FORMAT=DYNAMIC[0m
  ↳ config/initializers/utf8mb4.rb:4
  [1m[35m (0.2ms)[0m  [1m[35mBEGIN[0m
  ↳ bin/rails:9
  [1m[36mActiveRecord::SchemaMigration Create (0.2ms)[0m  [1m[32mINSERT INTO `schema_migrations` (`version`) VALUES ('20190704033911')[0m
  ↳ bin/rails:9
  [1m[35m (0.3ms)[0m  [1m[35mCOMMIT[0m
  ↳ bin/rails:9
  [1m[36mActiveRecord::InternalMetadata Load (0.4ms)[0m  [1m[34mSELECT  `ar_internal_metadata`.* FROM `ar_internal_metadata` WHERE `ar_internal_metadata`.`key` = 'environment' LIMIT 1[0m
  ↳ bin/rails:9
  [1m[35m (0.1ms)[0m  [1m[35mBEGIN[0m
  ↳ bin/rails:9
  [1m[36mActiveRecord::InternalMetadata Create (0.2ms)[0m  [1m[32mINSERT INTO `ar_internal_metadata` (`key`, `value`, `created_at`, `updated_at`) VALUES ('environment', 'development', '2019-11-06 18:41:37', '2019-11-06 18:41:37')[0m
  ↳ bin/rails:9
  [1m[35m (0.3ms)[0m  [1m[35mCOMMIT[0m
  ↳ bin/rails:9
  [1m[35m (0.1ms)[0m  [1m[34mSELECT RELEASE_LOCK('8185795697464646100')[0m
  ↳ bin/rails:9
  [1m[35m (0.2ms)[0m  [1m[34mSELECT `schema_migrations`.`version` FROM `schema_migrations` ORDER BY `schema_migrations`.`version` ASC[0m
  ↳ bin/rails:9
Started GET "/" for ::1 at 2019-11-06 18:41:56 +0900
  [1m[35m (0.4ms)[0m  [1m[35mSET NAMES utf8,  @@SESSION.sql_mode = CONCAT(CONCAT(@@sql_mode, ',STRICT_ALL_TABLES'), ',NO_AUTO_VALUE_ON_ZERO'),  @@SESSION.sql_auto_is_null = 0, @@SESSION.wait_timeout = 2147483[0m
  ↳ /Users/user/.rbenv/versions/2.4.1/lib/ruby/gems/2.4.0/gems/activerecord-5.2.3/lib/active_record/log_subscriber.rb:98
  [1m[35m (0.4ms)[0m  [1m[34mSELECT `schema_migrations`.`version` FROM `schema_migrations` ORDER BY `schema_migrations`.`version` ASC[0m
  ↳ /Users/user/.rbenv/versions/2.4.1/lib/ruby/gems/2.4.0/gems/activerecord-5.2.3/lib/active_record/log_subscriber.rb:98
Processing by UsersController#index as HTML
Completed 401 Unauthorized in 13ms (ActiveRecord: 0.0ms)


Started GET "/users/sign_in" for ::1 at 2019-11-06 18:41:56 +0900
Processing by Devise::SessionsController#new as HTML
  Rendering devise/sessions/new.html.haml within layouts/application
  Rendered devise/sessions/new.html.haml within layouts/application (21.5ms)
  Rendered layouts/_flash.html.haml (1.7ms)
  Rendered layouts/_header.html.haml (9.5ms)
  Rendered layouts/_footer.html.haml (1.6ms)
Completed 200 OK in 1972ms (Views: 1956.0ms | ActiveRecord: 1.1ms)


Started GET "/" for ::1 at 2019-11-06 20:47:23 +0900
  [1m[35m (0.3ms)[0m  [1m[35mSET NAMES utf8,  @@SESSION.sql_mode = CONCAT(CONCAT(@@sql_mode, ',STRICT_ALL_TABLES'), ',NO_AUTO_VALUE_ON_ZERO'),  @@SESSION.sql_auto_is_null = 0, @@SESSION.wait_timeout = 2147483[0m
  ↳ /Users/user/.rbenv/versions/2.6.5/lib/ruby/gems/2.6.0/gems/activerecord-5.2.3/lib/active_record/log_subscriber.rb:98
  [1m[35m (0.3ms)[0m  [1m[34mSELECT `schema_migrations`.`version` FROM `schema_migrations` ORDER BY `schema_migrations`.`version` ASC[0m
  ↳ /Users/user/.rbenv/versions/2.6.5/lib/ruby/gems/2.6.0/gems/activerecord-5.2.3/lib/active_record/log_subscriber.rb:98
Processing by UsersController#index as HTML
Completed 401 Unauthorized in 11ms (ActiveRecord: 0.0ms)


Started GET "/users/sign_in" for ::1 at 2019-11-06 20:47:23 +0900
Processing by Devise::SessionsController#new as HTML
  Rendering devise/sessions/new.html.haml within layouts/application
  Rendered devise/sessions/new.html.haml within layouts/application (24.2ms)
  Rendered layouts/_flash.html.haml (2.1ms)
  Rendered layouts/_header.html.haml (11.1ms)
  Rendered layouts/_footer.html.haml (2.0ms)
Completed 200 OK in 964ms (Views: 934.0ms | ActiveRecord: 1.6ms)


